{"level":"info","message":"⌛ Building environment","timeElapsed":197,"timestamp":"2024-09-20T19:26:21.155Z"}
{"level":"info","message":"onRequest - WORKSPACE_URI:file:///d%3A/Facultad/2024/Pdp/Funcional/grupo-09-2024-1","timestamp":"2024-09-20T19:26:21.161Z"}
{"level":"info","message":"⌛ Building environment","timeElapsed":155,"timestamp":"2024-09-20T19:26:21.318Z"}
{"level":"info","message":"⌛ Validating wollok/src/main/example.wlk","timeElapsed":165,"timestamp":"2024-09-20T19:26:21.560Z"}
{"level":"info","message":"⌛ Validating wollok/src/tests/test.wtest","timeElapsed":109,"timestamp":"2024-09-20T19:26:21.754Z"}
{"level":"info","message":"onRequest - STRONG_FILES_CHANGED:d:\\Facultad\\2024\\Pdp\\Funcional\\grupo-09-2024-1\\wollok\\src\\main\\example.wlk","timestamp":"2024-09-20T19:26:30.255Z"}
{"level":"info","message":"⌛ Building environment","timeElapsed":198,"timestamp":"2024-09-20T19:26:30.453Z"}
{"level":"info","message":"onRequest - WORKSPACE_URI:file:///d%3A/Facultad/2024/Pdp/Funcional/grupo-09-2024-1","timestamp":"2024-09-20T19:26:30.588Z"}
{"level":"info","message":"Removing diagnostics from \\Facultad\\2024\\Pdp\\Funcional\\grupo-09-2024-1\\wollok\\src\\main\\example.wlk","timestamp":"2024-09-20T19:26:30.648Z"}
{"level":"info","message":"onRequest - STRONG_FILES_CHANGED:d:\\Facultad\\2024\\Pdp\\Funcional\\grupo-09-2024-1\\wollok\\src\\tests\\test.wtest","timestamp":"2024-09-20T19:26:36.479Z"}
{"level":"info","message":"⌛ Building environment","timeElapsed":157,"timestamp":"2024-09-20T19:26:36.635Z"}
{"level":"info","message":"onRequest - WORKSPACE_URI:file:///d%3A/Facultad/2024/Pdp/Funcional/grupo-09-2024-1","timestamp":"2024-09-20T19:26:36.802Z"}
{"level":"info","message":"Removing diagnostics from \\Facultad\\2024\\Pdp\\Funcional\\grupo-09-2024-1\\wollok\\src\\tests\\test.wtest","timestamp":"2024-09-20T19:26:36.862Z"}
{"level":"info","message":"⌛ Building environment","timeElapsed":180,"timestamp":"2024-09-20T19:42:19.291Z"}
{"level":"info","message":"⌛ Validating wollok/src/main/guerreros.wlk","timeElapsed":161,"timestamp":"2024-09-20T19:42:19.478Z"}
{"level":"info","message":"⌛ Building environment","timeElapsed":113,"timestamp":"2024-09-20T19:42:35.794Z"}
{"level":"info","message":"⌛ Validating wollok/src/main/guerreros.wlk","timeElapsed":130,"timestamp":"2024-09-20T19:42:35.928Z"}
{"level":"info","message":"⌛ Building environment","timeElapsed":102,"timestamp":"2024-09-20T19:43:03.049Z"}
{"level":"info","message":"onRequest - STRONG_FILES_CHANGED:d:\\Facultad\\2024\\Pdp\\Funcional\\grupo-09-2024-1\\wollok\\src\\main\\zonas.wñk","timestamp":"2024-09-20T19:43:03.050Z"}
{"level":"info","message":"⌛ Building environment","timeElapsed":160,"timestamp":"2024-09-20T19:43:03.210Z"}
{"level":"info","message":"⌛ Validating wollok/src/main/zonas.wlk","timeElapsed":133,"timestamp":"2024-09-20T19:43:03.450Z"}
{"level":"info","message":"Removing diagnostics from \\Facultad\\2024\\Pdp\\Funcional\\grupo-09-2024-1\\wollok\\src\\main\\zonas.wñk","timestamp":"2024-09-20T19:43:03.450Z"}
{"level":"info","message":"onRequest - WORKSPACE_URI:file:///d%3A/Facultad/2024/Pdp/Funcional/grupo-09-2024-1","timestamp":"2024-09-20T19:43:03.452Z"}
{"level":"info","message":"⌛ Building environment","timeElapsed":126,"timestamp":"2024-09-20T19:43:04.617Z"}
{"level":"info","message":"⌛ Validating wollok/src/main/zonas.wlk","timeElapsed":137,"timestamp":"2024-09-20T19:43:04.776Z"}
{"level":"info","message":"⌛ Validating wollok/src/main/armas.wlk","timeElapsed":218,"timestamp":"2024-09-20T19:43:13.350Z"}
{"level":"info","message":"⌛ Validating wollok/src/main/armas.wlk","timeElapsed":111,"timestamp":"2024-09-20T19:43:25.695Z"}
{"level":"info","message":"⌛ Building environment","timeElapsed":163,"timestamp":"2024-09-20T19:48:34.778Z"}
{"level":"info","message":"⌛ Building environment","timeElapsed":109,"timestamp":"2024-09-20T19:48:34.905Z"}
{"level":"info","message":"⌛ Validating wollok/src/main/zonas.wlk","timeElapsed":143,"timestamp":"2024-09-20T19:48:35.050Z"}
{"level":"info","message":"⌛ Building environment","timeElapsed":143,"timestamp":"2024-09-20T19:48:35.280Z"}
{"level":"info","message":"⌛ Validating wollok/src/main/zonas.wlk","timeElapsed":158,"timestamp":"2024-09-20T19:48:35.438Z"}
{"level":"info","message":"⌛ Building environment","timeElapsed":103,"timestamp":"2024-09-20T19:48:35.574Z"}
{"level":"info","message":"⌛ Validating wollok/src/main/zonas.wlk","timeElapsed":206,"timestamp":"2024-09-20T19:48:35.782Z"}
{"level":"info","message":"⌛ Validating wollok/src/main/zonas.wlk","timeElapsed":130,"timestamp":"2024-09-20T19:48:35.914Z"}
{"level":"info","message":"onRequest - completionItem/resolve","timestamp":"2024-09-20T19:48:35.971Z"}
{"level":"info","message":"⌛ Validating wollok/src/main/zonas.wlk","timeElapsed":161,"timestamp":"2024-09-20T19:48:36.134Z"}
{"level":"info","message":"⌛ Building environment","timeElapsed":115,"timestamp":"2024-09-20T19:48:36.250Z"}
{"level":"info","message":"onRequest - completionItem/resolve","timestamp":"2024-09-20T19:48:36.250Z"}
{"level":"info","message":"onRequest - completionItem/resolve","timestamp":"2024-09-20T19:48:36.251Z"}
{"level":"info","message":"⌛ Validating wollok/src/main/zonas.wlk","timeElapsed":146,"timestamp":"2024-09-20T19:48:36.428Z"}
{"level":"info","message":"⌛ Validating wollok/src/main/zonas.wlk","timeElapsed":140,"timestamp":"2024-09-20T19:48:37.899Z"}
{"level":"info","message":"⌛ Validating wollok/src/main/zonas.wlk","timeElapsed":139,"timestamp":"2024-09-20T19:48:38.607Z"}
{"level":"info","message":"⌛ Validating wollok/src/main/zonas.wlk","timeElapsed":119,"timestamp":"2024-09-20T19:48:38.811Z"}
{"level":"info","message":"⌛ Validating wollok/src/main/zonas.wlk","timeElapsed":113,"timestamp":"2024-09-20T19:48:38.999Z"}
{"level":"info","message":"⌛ Validating wollok/src/main/zonas.wlk","timeElapsed":106,"timestamp":"2024-09-20T19:48:39.450Z"}
{"level":"info","message":"⌛ Validating wollok/src/main/zonas.wlk","timeElapsed":169,"timestamp":"2024-09-20T19:48:40.198Z"}
{"level":"info","message":"⌛ Building environment","timeElapsed":209,"timestamp":"2024-09-20T19:48:40.413Z"}
{"level":"info","message":"onRequest - completionItem/resolve","timestamp":"2024-09-20T19:48:40.414Z"}
{"level":"info","message":"⌛ Building environment","timeElapsed":127,"timestamp":"2024-09-20T19:48:40.542Z"}
{"level":"info","message":"onRequest - completionItem/resolve","timestamp":"2024-09-20T19:48:40.543Z"}
{"level":"info","message":"⌛ Building environment","timeElapsed":119,"timestamp":"2024-09-20T19:48:40.663Z"}
{"level":"info","message":"onRequest - completionItem/resolve","timestamp":"2024-09-20T19:48:40.664Z"}
{"level":"info","message":"⌛ Building environment","timeElapsed":174,"timestamp":"2024-09-20T19:48:40.840Z"}
{"level":"info","message":"onRequest - completionItem/resolve","timestamp":"2024-09-20T19:48:40.841Z"}
{"level":"info","message":"⌛ Validating wollok/src/main/zonas.wlk","timeElapsed":193,"timestamp":"2024-09-20T19:48:41.034Z"}
{"level":"info","message":"⌛ Building environment","timeElapsed":127,"timestamp":"2024-09-20T19:48:41.166Z"}
{"level":"info","message":"onRequest - completionItem/resolve","timestamp":"2024-09-20T19:48:41.176Z"}
{"level":"info","message":"⌛ Validating wollok/src/main/zonas.wlk","timeElapsed":167,"timestamp":"2024-09-20T19:48:41.343Z"}
{"level":"info","message":"⌛ Validating wollok/src/main/zonas.wlk","timeElapsed":154,"timestamp":"2024-09-20T19:48:41.498Z"}
{"level":"info","message":"⌛ Validating wollok/src/main/zonas.wlk","timeElapsed":146,"timestamp":"2024-09-20T19:48:41.651Z"}
{"level":"info","message":"⌛ Building environment","timeElapsed":102,"timestamp":"2024-09-20T19:48:41.753Z"}
{"level":"info","message":"onRequest - completionItem/resolve","timestamp":"2024-09-20T19:48:41.753Z"}
{"level":"info","message":"onRequest - completionItem/resolve","timestamp":"2024-09-20T19:48:41.754Z"}
{"level":"info","message":"⌛ Building environment","timeElapsed":115,"timestamp":"2024-09-20T19:48:41.870Z"}
{"level":"info","message":"onRequest - completionItem/resolve","timestamp":"2024-09-20T19:48:41.873Z"}
{"level":"info","message":"⌛ Validating wollok/src/main/zonas.wlk","timeElapsed":150,"timestamp":"2024-09-20T19:48:42.204Z"}
{"level":"info","message":"⌛ Validating wollok/src/main/zonas.wlk","timeElapsed":102,"timestamp":"2024-09-20T19:48:42.590Z"}
{"level":"info","message":"⌛ Validating wollok/src/main/zonas.wlk","timeElapsed":151,"timestamp":"2024-09-20T19:48:42.923Z"}
{"level":"info","message":"⌛ Validating wollok/src/main/zonas.wlk","timeElapsed":126,"timestamp":"2024-09-20T19:48:43.050Z"}
{"level":"info","message":"⌛ Validating wollok/src/main/zonas.wlk","timeElapsed":183,"timestamp":"2024-09-20T19:48:43.238Z"}
{"level":"info","message":"⌛ Validating wollok/src/main/zonas.wlk","timeElapsed":139,"timestamp":"2024-09-20T19:48:43.378Z"}
{"level":"info","message":"⌛ Validating wollok/src/main/zonas.wlk","timeElapsed":125,"timestamp":"2024-09-20T19:48:43.503Z"}
{"level":"info","message":"⌛ Validating wollok/src/main/zonas.wlk","timeElapsed":114,"timestamp":"2024-09-20T19:48:43.710Z"}
{"level":"info","message":"⌛ Building environment","timeElapsed":130,"timestamp":"2024-09-20T19:48:43.955Z"}
{"level":"info","message":"⌛ Validating wollok/src/main/zonas.wlk","timeElapsed":142,"timestamp":"2024-09-20T19:48:44.122Z"}
{"level":"info","message":"⌛ Building environment","timeElapsed":115,"timestamp":"2024-09-20T19:48:44.331Z"}
{"level":"info","message":"⌛ Validating wollok/src/main/zonas.wlk","timeElapsed":110,"timestamp":"2024-09-20T19:48:45.291Z"}
{"level":"info","message":"⌛ Validating wollok/src/main/zonas.wlk","timeElapsed":102,"timestamp":"2024-09-20T19:48:47.807Z"}
{"level":"info","message":"⌛ Building environment","timeElapsed":128,"timestamp":"2024-09-20T19:49:09.617Z"}
{"level":"info","message":"⌛ Validating wollok/src/tests/testGuerreros.wtest","timeElapsed":161,"timestamp":"2024-09-20T19:49:09.785Z"}
{"level":"info","message":"⌛ Validating wollok/src/tests/testGuerreros.wtest","timeElapsed":126,"timestamp":"2024-09-20T19:49:24.773Z"}
{"level":"info","message":"⌛ Building environment","timeElapsed":119,"timestamp":"2024-09-20T19:49:58.934Z"}
{"level":"info","message":"⌛ Validating wollok/src/tests/testGuerreros.wtest","timeElapsed":182,"timestamp":"2024-09-20T19:49:59.145Z"}
{"level":"info","message":"onRequest - completionItem/resolve","timestamp":"2024-09-20T19:49:59.146Z"}
{"level":"info","message":"⌛ Building environment","timeElapsed":109,"timestamp":"2024-09-20T19:49:59.256Z"}
{"level":"info","message":"onRequest - completionItem/resolve","timestamp":"2024-09-20T19:49:59.257Z"}
{"level":"info","message":"⌛ Building environment","timeElapsed":113,"timestamp":"2024-09-20T19:49:59.370Z"}
{"level":"info","message":"onRequest - completionItem/resolve","timestamp":"2024-09-20T19:49:59.372Z"}
{"level":"info","message":"⌛ Validating wollok/src/tests/testGuerreros.wtest","timeElapsed":163,"timestamp":"2024-09-20T19:49:59.537Z"}
{"level":"info","message":"⌛ Building environment","timeElapsed":106,"timestamp":"2024-09-20T19:49:59.643Z"}
{"level":"info","message":"onRequest - completionItem/resolve","timestamp":"2024-09-20T19:49:59.649Z"}
{"level":"info","message":"⌛ Validating wollok/src/tests/testGuerreros.wtest","timeElapsed":143,"timestamp":"2024-09-20T19:49:59.817Z"}
{"level":"info","message":"⌛ Validating wollok/src/tests/testGuerreros.wtest","timeElapsed":125,"timestamp":"2024-09-20T19:49:59.952Z"}
{"level":"info","message":"onRequest - completionItem/resolve","timestamp":"2024-09-20T19:49:59.954Z"}
{"level":"info","message":"⌛ Building environment","timeElapsed":104,"timestamp":"2024-09-20T19:50:03.262Z"}
{"level":"info","message":"⌛ Validating wollok/src/tests/testGuerreros.wtest","timeElapsed":149,"timestamp":"2024-09-20T19:50:03.437Z"}
{"level":"info","message":"onRequest - completionItem/resolve","timestamp":"2024-09-20T19:50:03.448Z"}
{"level":"info","message":"⌛ Building environment","timeElapsed":137,"timestamp":"2024-09-20T19:50:03.587Z"}
{"level":"info","message":"⌛ Validating wollok/src/tests/testGuerreros.wtest","timeElapsed":121,"timestamp":"2024-09-20T19:50:03.847Z"}
{"level":"info","message":"⌛ Validating wollok/src/tests/testGuerreros.wtest","timeElapsed":108,"timestamp":"2024-09-20T19:50:03.955Z"}
{"level":"info","message":"⌛ Building environment","timeElapsed":111,"timestamp":"2024-09-20T19:50:04.413Z"}
{"level":"info","message":"onRequest - completionItem/resolve","timestamp":"2024-09-20T19:50:04.413Z"}
{"level":"info","message":"⌛ Validating wollok/src/tests/testGuerreros.wtest","timeElapsed":157,"timestamp":"2024-09-20T19:50:04.572Z"}
{"level":"info","message":"⌛ Building environment","timeElapsed":106,"timestamp":"2024-09-20T19:50:04.837Z"}
{"level":"info","message":"⌛ Validating wollok/src/tests/testGuerreros.wtest","timeElapsed":146,"timestamp":"2024-09-20T19:50:05.012Z"}
{"level":"info","message":"⌛ Validating wollok/src/tests/testGuerreros.wtest","timeElapsed":138,"timestamp":"2024-09-20T19:50:05.151Z"}
{"level":"info","message":"onRequest - completionItem/resolve","timestamp":"2024-09-20T19:50:05.152Z"}
{"level":"info","message":"⌛ Validating wollok/src/tests/testGuerreros.wtest","timeElapsed":105,"timestamp":"2024-09-20T19:50:20.782Z"}
{"level":"info","message":"onRequest - completionItem/resolve","timestamp":"2024-09-20T19:50:21.741Z"}
{"level":"info","message":"⌛ Building environment","timeElapsed":153,"timestamp":"2024-09-20T19:50:21.895Z"}
{"level":"info","message":"⌛ Validating wollok/src/tests/testGuerreros.wtest","timeElapsed":207,"timestamp":"2024-09-20T19:50:22.101Z"}
{"level":"info","message":"onRequest - completionItem/resolve","timestamp":"2024-09-20T19:50:22.102Z"}
{"level":"info","message":"onRequest - completionItem/resolve","timestamp":"2024-09-20T19:50:22.195Z"}
{"level":"info","message":"⌛ Validating wollok/src/tests/testGuerreros.wtest","timeElapsed":123,"timestamp":"2024-09-20T19:50:22.318Z"}
{"level":"info","message":"onRequest - completionItem/resolve","timestamp":"2024-09-20T19:50:22.400Z"}
{"level":"info","message":"onRequest - completionItem/resolve","timestamp":"2024-09-20T19:50:22.481Z"}
{"level":"info","message":"⌛ Validating wollok/src/tests/testGuerreros.wtest","timeElapsed":108,"timestamp":"2024-09-20T19:50:22.590Z"}
{"level":"info","message":"⌛ Validating wollok/src/tests/testGuerreros.wtest","timeElapsed":106,"timestamp":"2024-09-20T19:50:22.702Z"}
{"level":"info","message":"⌛ Validating wollok/src/tests/testGuerreros.wtest","timeElapsed":110,"timestamp":"2024-09-20T19:50:22.812Z"}
{"level":"info","message":"⌛ Validating wollok/src/tests/testGuerreros.wtest","timeElapsed":110,"timestamp":"2024-09-20T19:50:32.850Z"}
{"level":"info","message":"⌛ Building environment","timeElapsed":116,"timestamp":"2024-09-20T19:50:32.967Z"}
{"level":"info","message":"⌛ Validating wollok/src/tests/testGuerreros.wtest","timeElapsed":126,"timestamp":"2024-09-20T19:50:33.182Z"}
{"level":"info","message":"⌛ Validating wollok/src/tests/testGuerreros.wtest","timeElapsed":118,"timestamp":"2024-09-20T19:50:33.301Z"}
{"level":"info","message":"⌛ Validating wollok/src/tests/testGuerreros.wtest","timeElapsed":104,"timestamp":"2024-09-20T19:50:33.551Z"}
{"level":"info","message":"⌛ Validating wollok/src/tests/testGuerreros.wtest","timeElapsed":101,"timestamp":"2024-09-20T19:50:33.653Z"}
{"level":"info","message":"⌛ Validating wollok/src/tests/testGuerreros.wtest","timeElapsed":163,"timestamp":"2024-09-20T19:50:34.108Z"}
{"level":"info","message":"onRequest - completionItem/resolve","timestamp":"2024-09-20T19:50:34.109Z"}
{"level":"info","message":"⌛ Building environment","timeElapsed":134,"timestamp":"2024-09-20T19:50:34.244Z"}
{"level":"info","message":"onRequest - completionItem/resolve","timestamp":"2024-09-20T19:50:34.245Z"}
{"level":"info","message":"onRequest - completionItem/resolve","timestamp":"2024-09-20T19:50:34.330Z"}
{"level":"info","message":"onRequest - completionItem/resolve","timestamp":"2024-09-20T19:50:34.411Z"}
{"level":"info","message":"⌛ Validating wollok/src/tests/testGuerreros.wtest","timeElapsed":105,"timestamp":"2024-09-20T19:50:34.516Z"}
{"level":"info","message":"⌛ Validating wollok/src/tests/testGuerreros.wtest","timeElapsed":103,"timestamp":"2024-09-20T19:50:34.621Z"}
{"level":"info","message":"⌛ Validating wollok/src/tests/testGuerreros.wtest","timeElapsed":104,"timestamp":"2024-09-20T19:50:34.729Z"}
{"level":"info","message":"⌛ Validating wollok/src/tests/testGuerreros.wtest","timeElapsed":199,"timestamp":"2024-09-20T19:50:36.950Z"}
{"level":"info","message":"onRequest - completionItem/resolve","timestamp":"2024-09-20T19:50:36.952Z"}
{"level":"info","message":"onRequest - completionItem/resolve","timestamp":"2024-09-20T19:50:37.041Z"}
{"level":"info","message":"⌛ Validating wollok/src/tests/testGuerreros.wtest","timeElapsed":143,"timestamp":"2024-09-20T19:50:37.185Z"}
{"level":"info","message":"⌛ Building environment","timeElapsed":106,"timestamp":"2024-09-20T19:50:37.303Z"}
{"level":"info","message":"onRequest - completionItem/resolve","timestamp":"2024-09-20T19:50:37.304Z"}
{"level":"info","message":"onRequest - completionItem/resolve","timestamp":"2024-09-20T19:50:37.398Z"}
{"level":"info","message":"⌛ Validating wollok/src/tests/testGuerreros.wtest","timeElapsed":133,"timestamp":"2024-09-20T19:50:37.554Z"}
{"level":"info","message":"⌛ Validating wollok/src/tests/testGuerreros.wtest","timeElapsed":126,"timestamp":"2024-09-20T19:50:37.680Z"}
{"level":"info","message":"⌛ Building environment","timeElapsed":110,"timestamp":"2024-09-20T19:50:37.892Z"}
{"level":"info","message":"⌛ Building environment","timeElapsed":107,"timestamp":"2024-09-20T19:50:38.006Z"}
{"level":"info","message":"⌛ Validating wollok/src/tests/testGuerreros.wtest","timeElapsed":104,"timestamp":"2024-09-20T19:50:38.117Z"}
{"level":"info","message":"⌛ Validating wollok/src/tests/testGuerreros.wtest","timeElapsed":104,"timestamp":"2024-09-20T19:50:38.302Z"}
{"level":"info","message":"⌛ Validating wollok/src/tests/testGuerreros.wtest","timeElapsed":105,"timestamp":"2024-09-20T19:50:38.409Z"}
{"level":"info","message":"⌛ Validating wollok/src/tests/testGuerreros.wtest","timeElapsed":102,"timestamp":"2024-09-20T19:50:38.517Z"}
{"level":"info","message":"⌛ Validating wollok/src/tests/testGuerreros.wtest","timeElapsed":106,"timestamp":"2024-09-20T19:50:39.165Z"}
{"level":"info","message":"⌛ Building environment","timeElapsed":105,"timestamp":"2024-09-20T19:50:48.898Z"}
{"level":"info","message":"⌛ Validating wollok/src/tests/testZonas.wtest","timeElapsed":199,"timestamp":"2024-09-20T19:50:49.104Z"}
{"level":"info","message":"⌛ Validating wollok/src/tests/testZonas.wtest","timeElapsed":127,"timestamp":"2024-09-20T19:51:16.135Z"}
{"level":"info","message":"⌛ Building environment","timeElapsed":104,"timestamp":"2024-09-20T19:51:21.606Z"}
{"level":"info","message":"⌛ Validating wollok/src/tests/testZonas.wtest","timeElapsed":151,"timestamp":"2024-09-20T19:51:21.794Z"}
{"level":"info","message":"⌛ Building environment","timeElapsed":117,"timestamp":"2024-09-20T19:51:21.933Z"}
{"level":"info","message":"onRequest - completionItem/resolve","timestamp":"2024-09-20T19:51:21.948Z"}
{"level":"info","message":"⌛ Building environment","timeElapsed":104,"timestamp":"2024-09-20T19:51:22.053Z"}
{"level":"info","message":"onRequest - completionItem/resolve","timestamp":"2024-09-20T19:51:22.053Z"}
{"level":"info","message":"onRequest - completionItem/resolve","timestamp":"2024-09-20T19:51:22.154Z"}
{"level":"info","message":"⌛ Validating wollok/src/tests/testZonas.wtest","timeElapsed":154,"timestamp":"2024-09-20T19:51:22.309Z"}
{"level":"info","message":"⌛ Building environment","timeElapsed":107,"timestamp":"2024-09-20T19:51:22.417Z"}
{"level":"info","message":"onRequest - completionItem/resolve","timestamp":"2024-09-20T19:51:22.417Z"}
{"level":"info","message":"⌛ Validating wollok/src/tests/testZonas.wtest","timeElapsed":136,"timestamp":"2024-09-20T19:51:22.583Z"}
{"level":"info","message":"⌛ Validating wollok/src/tests/testZonas.wtest","timeElapsed":106,"timestamp":"2024-09-20T19:51:22.689Z"}
{"level":"info","message":"⌛ Validating wollok/src/tests/testZonas.wtest","timeElapsed":105,"timestamp":"2024-09-20T19:51:22.796Z"}
{"level":"info","message":"onRequest - completionItem/resolve","timestamp":"2024-09-20T19:51:22.797Z"}
{"level":"info","message":"⌛ Validating wollok/src/tests/testZonas.wtest","timeElapsed":155,"timestamp":"2024-09-20T19:51:24.912Z"}
{"level":"info","message":"onRequest - completionItem/resolve","timestamp":"2024-09-20T19:51:24.913Z"}
{"level":"info","message":"onRequest - completionItem/resolve","timestamp":"2024-09-20T19:51:25.011Z"}
{"level":"info","message":"onRequest - completionItem/resolve","timestamp":"2024-09-20T19:51:25.112Z"}
{"level":"info","message":"⌛ Building environment","timeElapsed":115,"timestamp":"2024-09-20T19:51:25.228Z"}
{"level":"info","message":"onRequest - completionItem/resolve","timestamp":"2024-09-20T19:51:25.228Z"}
{"level":"info","message":"⌛ Validating wollok/src/tests/testZonas.wtest","timeElapsed":116,"timestamp":"2024-09-20T19:51:25.345Z"}
{"level":"info","message":"⌛ Validating wollok/src/tests/testZonas.wtest","timeElapsed":105,"timestamp":"2024-09-20T19:51:25.451Z"}
{"level":"info","message":"onRequest - completionItem/resolve","timestamp":"2024-09-20T19:51:25.529Z"}
{"level":"info","message":"⌛ Validating wollok/src/tests/testZonas.wtest","timeElapsed":108,"timestamp":"2024-09-20T19:51:25.658Z"}
{"level":"info","message":"⌛ Validating wollok/src/tests/testZonas.wtest","timeElapsed":108,"timestamp":"2024-09-20T19:51:25.768Z"}
{"level":"info","message":"⌛ Validating wollok/src/tests/testZonas.wtest","timeElapsed":150,"timestamp":"2024-09-20T19:51:27.571Z"}
{"level":"info","message":"onRequest - completionItem/resolve","timestamp":"2024-09-20T19:51:27.572Z"}
{"level":"info","message":"⌛ Building environment","timeElapsed":151,"timestamp":"2024-09-20T19:51:27.725Z"}
{"level":"info","message":"onRequest - completionItem/resolve","timestamp":"2024-09-20T19:51:27.726Z"}
{"level":"info","message":"⌛ Building environment","timeElapsed":112,"timestamp":"2024-09-20T19:51:27.838Z"}
{"level":"info","message":"onRequest - completionItem/resolve","timestamp":"2024-09-20T19:51:27.838Z"}
{"level":"info","message":"onRequest - completionItem/resolve","timestamp":"2024-09-20T19:51:27.929Z"}
{"level":"info","message":"⌛ Validating wollok/src/tests/testZonas.wtest","timeElapsed":117,"timestamp":"2024-09-20T19:51:28.046Z"}
{"level":"info","message":"⌛ Building environment","timeElapsed":121,"timestamp":"2024-09-20T19:51:28.169Z"}
{"level":"info","message":"onRequest - completionItem/resolve","timestamp":"2024-09-20T19:51:28.171Z"}
{"level":"info","message":"⌛ Validating wollok/src/tests/testZonas.wtest","timeElapsed":118,"timestamp":"2024-09-20T19:51:28.362Z"}
{"level":"info","message":"⌛ Validating wollok/src/tests/testZonas.wtest","timeElapsed":106,"timestamp":"2024-09-20T19:51:28.470Z"}
{"level":"info","message":"⌛ Validating wollok/src/tests/testZonas.wtest","timeElapsed":106,"timestamp":"2024-09-20T19:51:28.577Z"}
{"level":"info","message":"⌛ Validating wollok/src/tests/testGuerreros.wtest","timeElapsed":129,"timestamp":"2024-09-20T19:51:32.542Z"}
{"level":"info","message":"⌛ Validating wollok/src/tests/testGuerreros.wtest","timeElapsed":111,"timestamp":"2024-09-20T19:51:34.241Z"}
{"level":"info","message":"⌛ Validating wollok/src/tests/testGuerreros.wtest","timeElapsed":127,"timestamp":"2024-09-20T19:51:34.612Z"}
{"level":"info","message":"⌛ Validating wollok/src/main/guerreros.wlk","timeElapsed":112,"timestamp":"2024-09-20T19:51:42.845Z"}
{"level":"info","message":"⌛ Validating wollok/src/main/guerreros.wlk","timeElapsed":116,"timestamp":"2024-09-20T19:51:43.039Z"}
{"level":"info","message":"⌛ Validating wollok/src/main/guerreros.wlk","timeElapsed":108,"timestamp":"2024-09-20T19:51:43.225Z"}
{"level":"info","message":"⌛ Building environment","timeElapsed":131,"timestamp":"2024-09-20T19:51:43.529Z"}
{"level":"info","message":"⌛ Building environment","timeElapsed":126,"timestamp":"2024-09-20T19:51:43.686Z"}
{"level":"info","message":"⌛ Validating wollok/src/main/guerreros.wlk","timeElapsed":157,"timestamp":"2024-09-20T19:51:43.848Z"}
{"level":"info","message":"onRequest - completionItem/resolve","timestamp":"2024-09-20T19:51:43.848Z"}
{"level":"info","message":"⌛ Building environment","timeElapsed":129,"timestamp":"2024-09-20T19:51:43.977Z"}
{"level":"info","message":"onRequest - completionItem/resolve","timestamp":"2024-09-20T19:51:43.978Z"}
{"level":"info","message":"onRequest - completionItem/resolve","timestamp":"2024-09-20T19:51:44.071Z"}
{"level":"info","message":"⌛ Validating wollok/src/main/guerreros.wlk","timeElapsed":147,"timestamp":"2024-09-20T19:51:44.219Z"}
{"level":"info","message":"onRequest - completionItem/resolve","timestamp":"2024-09-20T19:51:44.316Z"}
{"level":"info","message":"⌛ Validating wollok/src/main/guerreros.wlk","timeElapsed":118,"timestamp":"2024-09-20T19:51:44.435Z"}
{"level":"info","message":"⌛ Validating wollok/src/main/guerreros.wlk","timeElapsed":104,"timestamp":"2024-09-20T19:51:44.540Z"}
{"level":"info","message":"⌛ Validating wollok/src/main/guerreros.wlk","timeElapsed":118,"timestamp":"2024-09-20T19:51:44.665Z"}
{"level":"info","message":"onRequest - completionItem/resolve","timestamp":"2024-09-20T19:51:46.373Z"}
{"level":"info","message":"⌛ Validating wollok/src/main/guerreros.wlk","timeElapsed":110,"timestamp":"2024-09-20T19:51:46.483Z"}
{"level":"info","message":"⌛ Validating wollok/src/main/guerreros.wlk","timeElapsed":101,"timestamp":"2024-09-20T19:51:46.664Z"}
{"level":"info","message":"⌛ Validating wollok/src/main/guerreros.wlk","timeElapsed":126,"timestamp":"2024-09-20T19:51:47.508Z"}
{"level":"info","message":"⌛ Validating wollok/src/main/guerreros.wlk","timeElapsed":112,"timestamp":"2024-09-20T19:51:47.620Z"}
{"level":"info","message":"⌛ Validating wollok/src/main/guerreros.wlk","timeElapsed":109,"timestamp":"2024-09-20T19:51:47.813Z"}
{"level":"info","message":"⌛ Building environment","timeElapsed":243,"timestamp":"2024-09-20T19:51:51.382Z"}
{"level":"info","message":"⌛ Validating wollok/src/main/guerreros.wlk","timeElapsed":151,"timestamp":"2024-09-20T19:51:51.534Z"}
{"level":"info","message":"⌛ Validating wollok/src/main/zonas.wlk","timeElapsed":103,"timestamp":"2024-09-20T19:51:51.639Z"}
{"level":"info","message":"⌛ Validating wollok/src/main/armas.wlk","timeElapsed":130,"timestamp":"2024-09-20T19:51:51.768Z"}
{"level":"info","message":"⌛ Building environment","timeElapsed":336,"timestamp":"2024-09-20T22:04:41.410Z"}
{"level":"info","message":"onRequest - WORKSPACE_URI:file:///d%3A/Facultad/2024/Pdp/Objetos/tierraMedia/grupo-09-2024","timestamp":"2024-09-20T22:04:41.419Z"}
{"level":"info","message":"⌛ Building environment","timeElapsed":166,"timestamp":"2024-09-20T22:04:41.587Z"}
{"level":"info","message":"⌛ Building environment","timeElapsed":127,"timestamp":"2024-09-20T22:04:41.809Z"}
{"level":"info","message":"⌛ Validating wollok/src/main/guerreros.wlk","timeElapsed":208,"timestamp":"2024-09-20T22:04:42.113Z"}
{"level":"info","message":"⌛ Validating wollok/src/main/armas.wlk","timeElapsed":158,"timestamp":"2024-09-20T22:04:42.378Z"}
{"level":"info","message":"⌛ Validating wollok/src/main/zonas.wlk","timeElapsed":103,"timestamp":"2024-09-20T22:04:42.483Z"}
{"level":"info","message":"⌛ Validating wollok/src/main/armas.wlk","timeElapsed":111,"timestamp":"2024-09-20T22:04:42.696Z"}
{"level":"info","message":"⌛ Building environment","timeElapsed":127,"timestamp":"2024-09-20T22:04:49.059Z"}
{"level":"info","message":"⌛ Validating wollok/src/main/armas.wlk","timeElapsed":202,"timestamp":"2024-09-20T22:04:49.283Z"}
{"level":"info","message":"⌛ Building environment","timeElapsed":110,"timestamp":"2024-09-20T22:05:49.016Z"}
{"level":"info","message":"⌛ Validating wollok/src/main/guerreros.wlk","timeElapsed":141,"timestamp":"2024-09-20T22:05:49.159Z"}
{"level":"info","message":"⌛ Building environment","timeElapsed":107,"timestamp":"2024-09-20T22:05:49.270Z"}
{"level":"info","message":"⌛ Validating wollok/src/main/guerreros.wlk","timeElapsed":123,"timestamp":"2024-09-20T22:05:49.394Z"}
{"level":"info","message":"⌛ Building environment","timeElapsed":154,"timestamp":"2024-09-20T22:05:49.799Z"}
{"level":"info","message":"⌛ Validating wollok/src/main/guerreros.wlk","timeElapsed":121,"timestamp":"2024-09-20T22:05:50.095Z"}
{"level":"info","message":"⌛ Validating wollok/src/main/guerreros.wlk","timeElapsed":116,"timestamp":"2024-09-20T22:05:50.287Z"}
{"level":"info","message":"⌛ Validating wollok/src/main/guerreros.wlk","timeElapsed":157,"timestamp":"2024-09-20T22:05:50.572Z"}
{"level":"error","message":"✘ Failed to rebuild document Failed to parse wollok/src/main/guerreros.wlk: \n-- PARSING FAILED --------------------------------------------------\n\nGot the end of the input\n\nExpected one of the following: \n\nidentifier, whitespace\n","stack":"Error: Failed to parse wollok/src/main/guerreros.wlk: \n-- PARSING FAILED --------------------------------------------------\n\nGot the end of the input\n\nExpected one of the following: \n\nidentifier, whitespace\n\n    at c:\\Users\\Paula\\.vscode\\extensions\\uqbar.wollok-lsp-ide-0.3.4\\node_modules\\wollok-ts\\dist\\index.js:54:19\n    at Array.map (<anonymous>)\n    at buildEnvironment (c:\\Users\\Paula\\.vscode\\extensions\\uqbar.wollok-lsp-ide-0.3.4\\node_modules\\wollok-ts\\dist\\index.js:49:40)\n    at EnvironmentProvider.buildEnvironmentFrom (c:\\Users\\Paula\\.vscode\\extensions\\uqbar.wollok-lsp-ide-0.3.4\\server\\out\\utils\\vm\\environment.js:29:66)\n    at EnvironmentProvider.updateEnvironmentWith (c:\\Users\\Paula\\.vscode\\extensions\\uqbar.wollok-lsp-ide-0.3.4\\server\\out\\utils\\vm\\environment.js:19:37)\n    at rebuildTextDocument (c:\\Users\\Paula\\.vscode\\extensions\\uqbar.wollok-lsp-ide-0.3.4\\server\\out\\server.js:102:29)\n    at CallbackList.invoke (c:\\Users\\Paula\\.vscode\\extensions\\uqbar.wollok-lsp-ide-0.3.4\\server\\node_modules\\vscode-jsonrpc\\lib\\common\\events.js:55:39)\n    at Emitter.fire (c:\\Users\\Paula\\.vscode\\extensions\\uqbar.wollok-lsp-ide-0.3.4\\server\\node_modules\\vscode-jsonrpc\\lib\\common\\events.js:117:36)\n    at c:\\Users\\Paula\\.vscode\\extensions\\uqbar.wollok-lsp-ide-0.3.4\\server\\node_modules\\vscode-languageserver\\lib\\common\\textDocuments.js:138:42\n    at handleNotification (c:\\Users\\Paula\\.vscode\\extensions\\uqbar.wollok-lsp-ide-0.3.4\\server\\node_modules\\vscode-jsonrpc\\lib\\common\\connection.js:640:25)","timestamp":"2024-09-20T22:05:50.591Z"}
{"level":"info","message":"⌛ Validating wollok/src/main/guerreros.wlk","timeElapsed":124,"timestamp":"2024-09-20T22:05:50.716Z"}
{"level":"info","message":"onRequest - completionItem/resolve","timestamp":"2024-09-20T22:05:50.717Z"}
{"level":"error","message":"✘ Failed to rebuild document Failed to parse wollok/src/main/guerreros.wlk: \n-- PARSING FAILED --------------------------------------------------\n\nGot the end of the input\n\nExpected one of the following: \n\nidentifier, whitespace\n","stack":"Error: Failed to parse wollok/src/main/guerreros.wlk: \n-- PARSING FAILED --------------------------------------------------\n\nGot the end of the input\n\nExpected one of the following: \n\nidentifier, whitespace\n\n    at c:\\Users\\Paula\\.vscode\\extensions\\uqbar.wollok-lsp-ide-0.3.4\\node_modules\\wollok-ts\\dist\\index.js:54:19\n    at Array.map (<anonymous>)\n    at buildEnvironment (c:\\Users\\Paula\\.vscode\\extensions\\uqbar.wollok-lsp-ide-0.3.4\\node_modules\\wollok-ts\\dist\\index.js:49:40)\n    at EnvironmentProvider.buildEnvironmentFrom (c:\\Users\\Paula\\.vscode\\extensions\\uqbar.wollok-lsp-ide-0.3.4\\server\\out\\utils\\vm\\environment.js:29:66)\n    at EnvironmentProvider.updateEnvironmentWith (c:\\Users\\Paula\\.vscode\\extensions\\uqbar.wollok-lsp-ide-0.3.4\\server\\out\\utils\\vm\\environment.js:19:37)\n    at rebuildTextDocument (c:\\Users\\Paula\\.vscode\\extensions\\uqbar.wollok-lsp-ide-0.3.4\\server\\out\\server.js:102:29)\n    at CallbackList.invoke (c:\\Users\\Paula\\.vscode\\extensions\\uqbar.wollok-lsp-ide-0.3.4\\server\\node_modules\\vscode-jsonrpc\\lib\\common\\events.js:55:39)\n    at Emitter.fire (c:\\Users\\Paula\\.vscode\\extensions\\uqbar.wollok-lsp-ide-0.3.4\\server\\node_modules\\vscode-jsonrpc\\lib\\common\\events.js:117:36)\n    at c:\\Users\\Paula\\.vscode\\extensions\\uqbar.wollok-lsp-ide-0.3.4\\server\\node_modules\\vscode-languageserver\\lib\\common\\textDocuments.js:138:42\n    at handleNotification (c:\\Users\\Paula\\.vscode\\extensions\\uqbar.wollok-lsp-ide-0.3.4\\server\\node_modules\\vscode-jsonrpc\\lib\\common\\connection.js:640:25)","timestamp":"2024-09-20T22:05:50.992Z"}
{"level":"error","message":"✘ Completions for node failed: Error: wollok.src.main.guerreros.g [Variable]{8de338} at wollok/src/main/guerreros.wlk:40 exhausted all cases without a match wollok.src.main.guerreros.g [Variable]{8de338} at wollok/src/main/guerreros.wlk:40 exhausted all cases without a match","stack":"Error: wollok.src.main.guerreros.g [Variable]{8de338} at wollok/src/main/guerreros.wlk:40 exhausted all cases without a match\n    at c:\\Users\\Paula\\.vscode\\extensions\\uqbar.wollok-lsp-ide-0.3.4\\node_modules\\wollok-ts\\dist\\extensions.js:85:11\n    at completionsForNode (c:\\Users\\Paula\\.vscode\\extensions\\uqbar.wollok-lsp-ide-0.3.4\\server\\out\\functionalities\\autocomplete\\node-completion.js:10:44)\n    at c:\\Users\\Paula\\.vscode\\extensions\\uqbar.wollok-lsp-ide-0.3.4\\server\\out\\functionalities\\autocomplete\\autocomplete.js:26:154\n    at c:\\Users\\Paula\\.vscode\\extensions\\uqbar.wollok-lsp-ide-0.3.4\\server\\out\\server.js:198:20\n    at c:\\Users\\Paula\\.vscode\\extensions\\uqbar.wollok-lsp-ide-0.3.4\\server\\node_modules\\vscode-languageserver\\lib\\common\\server.js:593:20\n    at handleRequest (c:\\Users\\Paula\\.vscode\\extensions\\uqbar.wollok-lsp-ide-0.3.4\\server\\node_modules\\vscode-jsonrpc\\lib\\common\\connection.js:493:41)\n    at handleMessage (c:\\Users\\Paula\\.vscode\\extensions\\uqbar.wollok-lsp-ide-0.3.4\\server\\node_modules\\vscode-jsonrpc\\lib\\common\\connection.js:339:13)\n    at processMessageQueue (c:\\Users\\Paula\\.vscode\\extensions\\uqbar.wollok-lsp-ide-0.3.4\\server\\node_modules\\vscode-jsonrpc\\lib\\common\\connection.js:362:17)\n    at Immediate._onImmediate (c:\\Users\\Paula\\.vscode\\extensions\\uqbar.wollok-lsp-ide-0.3.4\\server\\node_modules\\vscode-jsonrpc\\lib\\common\\connection.js:334:13)\n    at process.processImmediate (node:internal/timers:478:21)","timestamp":"2024-09-20T22:05:51.546Z"}
{"level":"info","message":"⌛ Validating wollok/src/main/guerreros.wlk","timeElapsed":109,"timestamp":"2024-09-20T22:05:51.657Z"}
{"level":"error","message":"✘ Completions for node failed: Error: wollok.src.main.guerreros.gan [Variable]{c5b347} at wollok/src/main/guerreros.wlk:40 exhausted all cases without a match wollok.src.main.guerreros.gan [Variable]{c5b347} at wollok/src/main/guerreros.wlk:40 exhausted all cases without a match","stack":"Error: wollok.src.main.guerreros.gan [Variable]{c5b347} at wollok/src/main/guerreros.wlk:40 exhausted all cases without a match\n    at c:\\Users\\Paula\\.vscode\\extensions\\uqbar.wollok-lsp-ide-0.3.4\\node_modules\\wollok-ts\\dist\\extensions.js:85:11\n    at completionsForNode (c:\\Users\\Paula\\.vscode\\extensions\\uqbar.wollok-lsp-ide-0.3.4\\server\\out\\functionalities\\autocomplete\\node-completion.js:10:44)\n    at c:\\Users\\Paula\\.vscode\\extensions\\uqbar.wollok-lsp-ide-0.3.4\\server\\out\\functionalities\\autocomplete\\autocomplete.js:26:154\n    at c:\\Users\\Paula\\.vscode\\extensions\\uqbar.wollok-lsp-ide-0.3.4\\server\\out\\server.js:198:20\n    at c:\\Users\\Paula\\.vscode\\extensions\\uqbar.wollok-lsp-ide-0.3.4\\server\\node_modules\\vscode-languageserver\\lib\\common\\server.js:593:20\n    at handleRequest (c:\\Users\\Paula\\.vscode\\extensions\\uqbar.wollok-lsp-ide-0.3.4\\server\\node_modules\\vscode-jsonrpc\\lib\\common\\connection.js:493:41)\n    at handleMessage (c:\\Users\\Paula\\.vscode\\extensions\\uqbar.wollok-lsp-ide-0.3.4\\server\\node_modules\\vscode-jsonrpc\\lib\\common\\connection.js:339:13)\n    at processMessageQueue (c:\\Users\\Paula\\.vscode\\extensions\\uqbar.wollok-lsp-ide-0.3.4\\server\\node_modules\\vscode-jsonrpc\\lib\\common\\connection.js:362:17)\n    at Immediate._onImmediate (c:\\Users\\Paula\\.vscode\\extensions\\uqbar.wollok-lsp-ide-0.3.4\\server\\node_modules\\vscode-jsonrpc\\lib\\common\\connection.js:334:13)\n    at process.processImmediate (node:internal/timers:478:21)","timestamp":"2024-09-20T22:05:51.867Z"}
{"level":"info","message":"⌛ Validating wollok/src/main/guerreros.wlk","timeElapsed":144,"timestamp":"2024-09-20T22:05:52.012Z"}
{"level":"info","message":"⌛ Validating wollok/src/main/guerreros.wlk","timeElapsed":136,"timestamp":"2024-09-20T22:05:52.241Z"}
{"level":"error","message":"✘ Completions for node failed: Error: wollok.src.main.guerreros.gandal [Variable]{5bc25e} at wollok/src/main/guerreros.wlk:40 exhausted all cases without a match wollok.src.main.guerreros.gandal [Variable]{5bc25e} at wollok/src/main/guerreros.wlk:40 exhausted all cases without a match","stack":"Error: wollok.src.main.guerreros.gandal [Variable]{5bc25e} at wollok/src/main/guerreros.wlk:40 exhausted all cases without a match\n    at c:\\Users\\Paula\\.vscode\\extensions\\uqbar.wollok-lsp-ide-0.3.4\\node_modules\\wollok-ts\\dist\\extensions.js:85:11\n    at completionsForNode (c:\\Users\\Paula\\.vscode\\extensions\\uqbar.wollok-lsp-ide-0.3.4\\server\\out\\functionalities\\autocomplete\\node-completion.js:10:44)\n    at c:\\Users\\Paula\\.vscode\\extensions\\uqbar.wollok-lsp-ide-0.3.4\\server\\out\\functionalities\\autocomplete\\autocomplete.js:26:154\n    at c:\\Users\\Paula\\.vscode\\extensions\\uqbar.wollok-lsp-ide-0.3.4\\server\\out\\server.js:198:20\n    at c:\\Users\\Paula\\.vscode\\extensions\\uqbar.wollok-lsp-ide-0.3.4\\server\\node_modules\\vscode-languageserver\\lib\\common\\server.js:593:20\n    at handleRequest (c:\\Users\\Paula\\.vscode\\extensions\\uqbar.wollok-lsp-ide-0.3.4\\server\\node_modules\\vscode-jsonrpc\\lib\\common\\connection.js:493:41)\n    at handleMessage (c:\\Users\\Paula\\.vscode\\extensions\\uqbar.wollok-lsp-ide-0.3.4\\server\\node_modules\\vscode-jsonrpc\\lib\\common\\connection.js:339:13)\n    at processMessageQueue (c:\\Users\\Paula\\.vscode\\extensions\\uqbar.wollok-lsp-ide-0.3.4\\server\\node_modules\\vscode-jsonrpc\\lib\\common\\connection.js:362:17)\n    at Immediate._onImmediate (c:\\Users\\Paula\\.vscode\\extensions\\uqbar.wollok-lsp-ide-0.3.4\\server\\node_modules\\vscode-jsonrpc\\lib\\common\\connection.js:334:13)\n    at process.processImmediate (node:internal/timers:478:21)","timestamp":"2024-09-20T22:05:52.427Z"}
